51
0 3 1 2
4 7 1 2
8 11 1 2
13 15 1 2
16 18 1 2
1 2 2 6
3 4 2 5
6 7 2 6
9 10 2 6
14 15 2 3
17 18 2 3
13 14 3 4
16 17 3 4
0 1 5 6
2 3 5 6
4 6 5 6
8 9 5 6
10 11 5 6
0 3 7 8
4 7 7 8
8 11 7 8
12 15 7 8
2 3 8 10
4 5 8 12
6 7 8 12
8 9 8 12
10 11 8 11
14 15 8 9
0 2 9 10
13 14 9 10
0 1 10 12
12 13 10 12
1 3 11 12
5 6 11 12
9 10 11 12
13 15 11 12
0 1 13 18
2 3 13 18
4 7 13 14
8 9 13 18
12 13 13 18
17 18 13 14
4 5 14 18
16 17 14 17
18 19 14 17
1 2 15 16
5 7 15 16
5 7 17 18
9 11 17 18
13 15 17 18
17 18 17 18
