74
14 24 2 5
26 36 2 5
2 4 5 9
6 7 5 12
24 26 5 6
34 36 5 21
7 24 6 8
26 33 6 8
7 17 8 12
24 26 8 14
30 33 8 16
4 6 9 12
4 5 12 14
17 21 12 13
17 18 13 15
21 22 13 16
36 39 13 28
2 4 14 15
5 6 14 15
24 25 14 16
26 30 14 16
1 2 15 16
4 5 15 17
6 17 15 16
18 19 15 22
5 6 16 17
14 17 16 22
22 24 16 18
25 26 16 18
33 34 16 21
2 4 17 28
4 8 18 23
19 22 18 20
24 25 18 20
26 30 18 20
19 21 20 22
22 24 20 22
25 26 20 23
30 33 20 21
26 30 21 23
17 18 22 23
21 22 22 23
4 7 23 26
8 17 23 28
18 21 23 26
22 25 23 27
30 33 23 34
4 5 26 28
7 8 26 28
17 18 26 27
18 22 27 28
25 30 27 34
1 2 28 37
5 7 28 36
8 12 28 35
15 17 28 31
19 22 28 31
24 25 28 34
34 36 28 34
12 15 31 35
17 19 31 35
21 23 31 38
36 39 31 34
23 24 34 37
33 34 34 37
15 17 35 37
19 21 35 38
32 33 35 37
2 4 36 40
8 15 37 40
17 19 37 38
4 8 38 40
23 30 38 39
23 25 39 40
