692
64 128 0 16
31 33 12 13
43 45 12 13
55 58 12 15
28 29 13 14
33 35 13 15
40 41 13 16
45 46 13 14
47 48 13 33
52 54 13 14
58 60 13 17
25 26 14 15
27 28 14 16
35 38 14 15
39 40 14 15
46 47 14 15
48 51 14 15
60 62 14 17
23 25 15 16
28 32 15 16
35 36 15 16
41 43 15 17
45 46 15 16
48 49 15 32
50 52 15 26
57 58 15 17
62 63 15 19
28 31 16 17
34 35 16 17
43 45 16 17
49 50 16 31
53 54 16 26
63 64 16 18
65 128 16 23
29 34 17 18
43 44 17 18
45 47 17 34
52 53 17 28
54 57 17 23
61 62 17 18
20 21 18 19
29 30 18 19
44 45 18 23
64 65 18 31
23 24 19 20
25 26 19 20
57 58 19 21
22 23 20 21
30 34 20 21
43 44 20 33
58 60 20 21
17 18 21 22
27 28 21 23
31 36 21 22
42 43 21 33
25 27 22 23
29 31 22 23
32 35 22 23
39 42 22 33
15 16 23 25
19 20 23 24
31 33 23 25
34 35 23 24
36 38 23 36
66 128 23 24
17 18 24 25
22 24 24 26
25 26 24 26
33 34 24 41
35 36 24 34
38 39 24 37
44 45 24 33
59 60 24 25
61 63 24 25
65 67 24 26
68 70 24 25
72 128 24 25
14 15 25 27
21 22 25 28
34 35 25 26
56 58 25 26
67 68 25 26
69 73 25 26
74 128 25 26
20 21 26 29
32 33 26 41
51 52 26 27
55 56 26 27
59 60 26 27
65 66 26 28
70 72 26 28
75 128 26 27
13 14 27 28
34 35 27 33
50 51 27 28
62 63 27 28
67 68 27 32
72 74 27 28
76 128 27 29
18 20 28 30
29 30 28 29
31 32 28 29
51 52 28 29
66 67 28 32
68 69 28 31
71 72 28 29
73 74 28 37
13 14 29 30
17 18 29 30
28 29 29 31
30 31 29 31
55 56 29 30
65 66 29 31
69 71 29 30
74 75 29 37
76 77 29 40
79 128 29 30
18 19 30 31
29 30 30 41
31 32 30 41
61 64 30 31
69 70 30 32
72 73 30 37
75 76 30 37
77 79 30 39
80 82 30 31
83 128 30 31
12 13 31 32
16 18 31 32
56 57 31 33
61 63 31 32
70 72 31 32
82 84 31 34
85 128 31 32
13 14 32 33
15 17 32 33
28 29 32 34
30 31 32 34
53 54 32 33
57 58 32 33
64 65 32 37
71 72 32 34
86 128 32 33
14 15 33 41
39 41 33 34
51 52 33 34
54 55 33 34
65 66 33 36
69 70 33 34
79 80 33 39
87 128 33 35
15 16 34 36
27 28 34 41
34 35 34 36
39 40 34 37
49 50 34 35
52 53 34 35
67 68 34 37
70 71 34 35
80 81 34 39
82 83 34 35
84 85 34 37
28 29 35 40
30 31 35 41
35 36 35 40
50 52 35 36
66 67 35 36
86 87 35 36
88 128 35 37
47 49 36 38
83 84 36 37
85 86 36 43
25 27 37 39
34 35 37 40
36 38 37 38
46 47 37 39
59 60 37 38
63 64 37 38
65 67 37 38
81 82 37 40
87 88 37 48
89 128 37 40
24 25 38 40
36 37 38 40
45 46 38 39
47 48 38 39
57 59 38 39
64 65 38 40
82 84 38 39
23 24 39 41
37 38 39 40
44 45 39 41
60 62 39 40
63 64 39 52
67 68 39 40
77 78 39 40
84 85 39 41
86 87 39 44
88 89 39 48
15 18 40 41
19 23 40 41
46 47 40 41
59 60 40 43
61 62 40 41
73 75 40 41
78 80 40 42
89 102 40 41
103 105 40 43
108 128 40 41
45 46 41 42
57 58 41 42
60 61 41 50
62 63 41 51
73 74 41 42
80 83 41 42
89 100 41 43
101 103 41 43
105 109 41 43
111 128 41 42
46 48 42 43
49 50 42 43
56 57 42 43
58 59 42 43
61 62 42 51
79 82 42 44
84 85 42 43
100 101 42 44
109 111 42 44
112 128 42 43
47 49 43 44
52 53 43 46
55 56 43 45
57 58 43 44
89 97 43 45
98 100 43 46
102 103 43 50
104 107 43 53
108 109 43 63
111 112 43 45
113 128 43 44
48 52 44 45
54 55 44 46
56 57 44 49
59 60 44 50
80 81 44 64
82 84 44 45
97 98 44 47
101 102 44 50
103 104 44 52
107 108 44 57
109 110 44 64
112 113 44 47
114 128 44 45
53 54 45 46
57 59 45 48
81 83 45 50
86 87 45 48
89 95 45 48
96 97 45 49
100 101 45 50
110 111 45 64
113 114 45 58
115 128 45 48
20 21 46 47
30 33 46 47
72 73 46 47
76 77 46 47
79 80 46 53
83 86 46 49
99 100 46 49
111 112 46 55
17 18 47 49
21 22 47 49
41 42 47 48
55 56 47 48
77 79 47 55
95 96 47 49
98 99 47 48
114 115 47 54
33 34 48 49
45 46 48 49
58 59 48 49
89 93 48 49
94 95 48 49
97 98 48 49
112 113 48 49
116 128 48 64
19 20 49 50
32 33 49 50
41 42 49 50
76 77 49 63
83 84 49 50
86 91 49 50
92 94 49 64
44 45 50 51
81 82 50 55
84 87 50 51
88 91 50 51
75 76 51 53
82 84 51 64
85 88 51 52
89 91 51 63
101 102 51 52
112 113 51 53
54 55 52 53
84 86 52 60
87 88 52 61
115 116 52 64
53 54 53 54
55 56 53 54
63 64 53 54
106 107 53 55
36 37 54 55
56 57 54 55
86 87 54 58
88 89 54 61
112 113 54 64
34 35 55 57
52 53 55 56
63 64 55 62
74 76 55 56
77 78 55 57
79 80 55 64
16 17 56 57
35 37 56 57
53 54 56 57
55 56 56 57
62 63 56 57
75 76 56 64
81 82 56 57
111 112 56 57
114 115 56 64
17 18 57 58
33 34 57 58
37 38 57 58
74 75 57 64
78 79 57 64
18 20 58 59
31 33 58 60
61 63 58 62
81 82 58 65
98 99 58 59
111 112 58 64
20 21 59 60
30 31 59 60
38 40 59 60
60 61 59 60
77 78 59 60
86 87 59 64
94 96 59 60
103 104 59 60
107 108 59 62
113 114 59 65
22 23 60 61
24 27 60 61
29 30 60 61
39 40 60 61
73 74 60 64
28 29 61 62
40 41 61 62
59 61 61 62
72 73 61 64
84 86 61 63
95 97 61 62
98 102 61 63
103 104 61 64
41 42 62 71
52 53 62 73
60 62 62 63
66 67 62 63
77 78 62 65
87 89 62 64
94 95 62 64
96 98 62 64
102 103 62 63
104 106 62 64
44 45 63 64
49 50 63 64
51 52 63 70
58 59 63 64
65 66 63 64
67 68 63 64
71 72 63 64
89 90 63 64
91 92 63 64
95 96 63 64
99 102 63 76
0 41 64 66
42 44 64 70
53 57 64 65
59 60 64 65
61 64 64 65
69 70 64 65
76 77 64 65
97 99 64 78
102 103 64 77
107 109 64 65
44 51 65 70
53 56 65 70
64 66 65 68
68 69 65 66
78 81 65 66
96 97 65 79
103 105 65 76
106 108 65 67
111 112 65 66
0 25 66 68
26 41 66 68
61 62 66 67
66 67 66 67
94 96 66 69
105 106 66 76
25 26 67 68
57 58 67 71
76 77 67 68
93 94 67 68
107 109 67 74
0 24 68 69
28 41 68 69
56 57 68 70
58 61 68 71
63 65 68 69
79 80 68 69
81 83 68 69
91 92 68 78
106 107 68 75
0 23 69 70
29 41 69 70
61 64 69 70
94 95 69 78
109 110 69 72
0 21 70 71
22 27 70 71
29 32 70 71
34 37 70 71
40 41 70 73
42 43 70 71
45 49 70 72
53 55 70 71
61 62 70 71
66 68 70 72
75 76 70 71
0 18 71 73
19 21 71 74
22 23 71 75
24 25 71 72
26 27 71 73
29 31 71 77
32 33 71 72
36 37 71 72
54 55 71 72
58 59 71 72
62 63 71 72
65 66 71 72
68 69 71 72
70 71 71 72
95 96 71 74
18 19 72 78
27 29 72 73
37 38 72 79
39 40 72 78
45 48 72 74
49 50 72 76
53 54 72 73
60 61 72 73
67 68 72 74
87 88 72 73
117 118 72 74
0 17 73 78
27 28 73 74
31 32 73 74
33 34 73 74
35 37 73 74
38 39 73 77
42 43 73 74
44 45 73 74
48 49 73 76
51 52 73 74
56 57 73 77
59 60 73 75
62 64 73 74
65 67 73 75
68 70 73 74
75 76 73 74
109 110 73 94
21 22 74 75
23 26 74 75
36 37 74 78
40 41 74 77
46 48 74 78
50 51 74 75
57 59 74 76
62 63 74 78
64 65 74 75
69 71 74 75
76 77 74 75
87 88 74 75
107 108 74 76
115 116 74 75
23 24 75 76
25 26 75 76
27 28 75 76
35 36 75 76
45 46 75 76
51 54 75 76
55 56 75 76
65 66 75 79
67 68 75 76
69 70 75 76
74 76 75 78
79 80 75 76
95 96 75 78
108 109 75 99
118 119 75 76
17 18 76 79
19 23 76 77
26 27 76 77
34 35 76 77
50 51 76 77
58 59 76 77
64 65 76 77
66 67 76 77
71 72 76 78
77 78 76 102
80 81 76 77
100 102 76 77
104 105 76 77
115 116 76 77
19 21 77 79
22 23 77 78
25 26 77 79
27 28 77 79
30 31 77 128
41 42 77 78
48 49 77 78
52 53 77 78
57 58 77 87
59 60 77 85
67 70 77 79
76 77 77 100
78 79 77 104
83 84 77 78
85 86 77 78
101 102 77 78
107 108 77 101
110 111 77 80
118 119 77 80
0 16 78 128
26 27 78 79
28 30 78 79
32 33 78 79
40 41 78 81
46 47 78 128
53 55 78 81
60 61 78 83
66 67 78 79
70 71 78 79
75 76 78 97
79 80 78 79
93 94 78 79
97 98 78 79
105 107 78 79
116 117 78 81
18 19 79 80
28 29 79 128
34 37 79 81
41 43 79 81
45 46 79 82
47 52 79 82
55 57 79 82
58 59 79 81
61 64 79 81
74 75 79 91
106 107 79 103
16 17 80 84
19 26 80 83
31 34 80 81
37 40 80 81
43 45 80 81
52 53 80 82
79 80 80 107
104 106 80 82
29 30 81 128
31 33 81 82
35 37 81 82
39 40 81 83
54 55 81 82
63 64 81 82
80 81 81 86
18 19 82 83
31 32 82 128
37 39 82 85
40 42 82 84
43 45 82 83
48 51 82 83
56 57 82 87
73 74 82 91
105 106 82 107
21 25 83 84
42 44 83 88
45 46 83 87
47 48 83 87
50 53 83 84
58 59 83 84
62 64 83 84
110 111 83 89
119 120 83 84
21 23 84 85
26 28 84 86
33 34 84 86
39 40 84 85
41 42 84 87
44 45 84 86
48 49 84 85
53 55 84 85
60 61 84 85
16 17 85 128
35 38 85 86
49 51 85 86
52 53 85 88
54 55 85 86
61 65 85 86
27 28 86 128
34 37 86 87
38 39 86 87
40 41 86 87
49 50 86 88
58 60 86 87
64 65 86 88
104 105 86 106
117 119 86 87
17 19 87 128
25 27 87 128
33 34 87 88
35 37 87 88
48 49 87 88
51 52 87 88
60 62 87 88
65 66 87 90
80 81 87 108
103 104 87 108
19 20 88 128
44 45 88 128
47 48 88 89
53 54 88 89
58 59 88 89
61 64 88 128
81 82 88 89
24 25 89 128
33 37 89 128
39 41 89 128
45 46 89 128
48 52 89 128
59 61 89 128
64 65 89 90
20 24 90 128
32 33 90 128
37 39 90 128
41 44 90 128
47 48 90 128
52 59 90 128
81 83 90 91
81 82 91 109
83 84 91 92
101 103 91 108
110 111 91 94
82 83 92 108
84 85 92 93
99 101 92 93
83 84 93 109
86 87 93 112
98 99 93 111
100 101 93 111
74 75 94 96
84 86 94 110
87 88 94 111
89 95 94 112
99 100 94 110
88 89 95 112
95 98 95 111
109 110 97 98
75 76 98 99
108 109 100 101
76 77 101 102
107 108 102 103
77 78 103 104
106 107 104 105
101 102 108 110
84 85 110 111
95 96 111 112
97 98 111 112
90 95 112 113
