86 91 128 161 169 224 320 354 360 384 445 570 702
9 21 42 63 72 83 97 109 113 124 130 132 134 188 205 214 220 245 254 256 297 336 356 361 411 418 436 518 523 567 599 603 604 622 635 677 681 698 751 763 765
196 501
11 32 52 62 64 65 69 71 87 105 118 129 136 151 216 222 225 249 263 271 272 279 301 308 310 315 323 337 341 343 349 353 375 380 382 434 442 449 456 478 479 485 491 507 521 525 531 543 595 601 613 641 645 654 659 684 692 708 737 740 742 748 775
5 22 35 49 120 177 181 204 217 227 235 284 357 365 413 455 519 541 544 558 598 615 631 647 672 697 713 727 736 741
14 33 76 95 101 173 231 262 280 283 313 335 346 435 441 446 460 516 536 591 626 630 648
1 36 39 75 78 89 131 137 148 157 163 194 221 230 258 259 270 326 350 377 379 386 391 395 398 429 493 499 508 547 583 584 643 670 680 685 711 717 720 738 739 747 774 777
18 30 46 84 114 143 153 176 211 286 309 400 407 437 472 484 527 585 588 594 618 665 700 749
396 498 597 691
54 123 178 202 206 209 276 288 318 330 334 414 416 421 458 476 480 548 587 596 612 650 660 724 766
514 520
66 115 119 145 179 187 233 241 250 303 339 392 412 444 448 452 471 482 487 552 554 602 624 636 642
50 102 234 291 329 373 440 575 640 687 690 716 722
8 28 55 61 73 81 92 126 180 197 201 219 226 229 242 264 278 287 294 304 314 319 324 355 370 374 387 405 426 447 522 545 569 593 634 637 638 658 667 668 696 725 732 755 768
3 23 24 99 103 106 108 142 147 160 165 240 268 273 328 347 366 367 439 464 500 503 517 526 555 559 565 633 669 673 719 734 756 770 772
74 265 578 644
79 98 159 376 679 709 715
20 48 104 248 399 535 683 701 723
17 58 85 111 140 144 155 158 191 192 200 255 269 305 362 364 385 401 431 432 490 494 528 549 568 629 676 693 712 714 726 729 733 744 767 769 771
77 410 582 678 686
10 29 107 162 172 212 267 275 290 348 351 381 402 417 428 443 459 474 497 592 606 616 617 639 750
19 80 236 243 247 322 409 566 608 663
246 345
2 12 15 25 47 59 100 122 133 170 174 199 203 218 239 261 266 289 295 298 325 342 352 359 363 371 393 425 477 492 495 505 509 512 533 539 546 553 556 562 563 573 574 576 590 607 610 614 619 625 649 661 671 674 675 752
496 579
37 38 57 60 67 70 90 96 125 152 166 183 213 215 282 285 292 300 306 307 331 338 340 358 369 378 389 427 467 483 540 542 571 577 589 656 682 689 695 699 707 710 718 728 743 761
4 6 7 13 26 45 53 88 94 117 121 127 149 154 164 167 175 184 186 207 223 244 251 257 260 296 316 317 344 372 388 394 420 430 453 457 461 465 466 470 488 506 510 511 524 537 557 561 564 580 605 651 652 655 664 703 706 721 731 746 762
139 332 403 462 773
56 93 116 146 171 185 293 302 312 433 473 475 513 530 560 600 662 694 754
40 41 44 51 112 195 252 299 406 408 451 463 468 529 532 534 538 550 551 572 646 657 735
43 68 182 208 210 228 253 321 333 390 404 415 438 450 469 502 586 609 623 688 758 759 776
16 34 138 141 168 189 198 232 277 383 397 419 423 481 486 489 504 515 620 666 730
82 238 368 611 704 705 753 760
27 110 135 156 190 193 237 274 581 621 627 628 632
281 311 454 653 757 764
327 422 424
31 150 745